13:52:37.296 [main] INFO  com.globant.PurchaseProductTest - Hello
15:01:06.520 [main] INFO  com.globant.PurchaseProductTest - Hello
18:25:16.721 [main] INFO  com.globant.PurchaseProductTest - Hello
22:28:29.266 [main] INFO  com.globant.PurchaseProductTest - Hello
00:33:45.562 [main] INFO  com.globant.Reporter - ### Web driver manager setup ###
00:33:48.865 [main] INFO  com.globant.Reporter - Starting new Chrome driver session...
00:33:53.420 [main] INFO  com.globant.Reporter - Navigating to https://www.saucedemo.com/
00:33:54.879 [main] INFO  com.globant.Reporter - Closing Chrome driver session...
00:34:02.409 [main] INFO  com.globant.Reporter - ### Web driver manager setup ###
00:34:02.852 [main] INFO  com.globant.Reporter - Starting new Chrome driver session...
00:34:05.332 [main] INFO  com.globant.Reporter - Navigating to https://www.saucedemo.com/
00:34:06.588 [main] INFO  com.globant.Reporter - Closing Chrome driver session...
00:36:24.622 [main] INFO  com.globant.Reporter - ### Web driver manager setup ###
00:36:24.939 [main] INFO  com.globant.Reporter - Starting new Chrome driver session...
00:36:26.779 [main] INFO  com.globant.Reporter - Navigating to https://www.saucedemo.com/
00:36:29.101 [main] INFO  com.globant.Reporter - Closing Chrome driver session...
00:36:29.792 [main] INFO  com.globant.Reporter - Starting new Chrome driver session...
00:36:31.512 [main] INFO  com.globant.Reporter - Navigating to https://www.saucedemo.com/
00:36:32.914 [main] INFO  com.globant.Reporter - Closing Chrome driver session...
00:37:17.948 [main] INFO  com.globant.Reporter - ### Web driver manager setup ###
00:37:18.308 [main] INFO  com.globant.Reporter - Starting new Chrome driver session...
00:37:20.305 [main] INFO  com.globant.Reporter - Navigating to https://www.saucedemo.com/
01:04:10.950 [main] INFO  com.globant.Reporter - ### Web driver manager setup ###
01:04:11.355 [main] INFO  com.globant.Reporter - Starting new Chrome driver session...
01:04:13.938 [main] INFO  com.globant.Reporter - Navigating to https://www.saucedemo.com/
01:04:15.419 [main] INFO  com.globant.Reporter - Starting new Chrome driver session...
01:04:17.591 [main] INFO  com.globant.Reporter - Navigating to https://www.saucedemo.com/
01:04:18.565 [main] INFO  com.globant.Reporter - Closing Chrome driver session...
01:06:25.098 [main] INFO  com.globant.Reporter - ### Web driver manager setup ###
01:06:25.418 [main] INFO  com.globant.Reporter - Starting new Chrome driver session...
01:06:27.452 [main] INFO  com.globant.Reporter - Navigating to https://www.saucedemo.com/
01:06:28.962 [main] INFO  com.globant.Reporter - Starting new Chrome driver session...
01:06:30.788 [main] INFO  com.globant.Reporter - Navigating to https://www.saucedemo.com/
01:06:31.655 [main] INFO  com.globant.Reporter - Closing Chrome driver session...
01:09:28.239 [main] INFO  com.globant.Reporter - Starting new Chrome driver session...
01:09:31.785 [main] INFO  com.globant.Reporter - Navigating to https://www.saucedemo.com/
01:09:32.601 [main] INFO  com.globant.Reporter - ### Web driver manager setup ###
01:09:33.602 [main] INFO  com.globant.Reporter - Closing Chrome driver session...
01:11:15.837 [main] INFO  com.globant.Reporter - Starting new Chrome driver session...
01:11:17.724 [main] INFO  com.globant.Reporter - Navigating to https://www.saucedemo.com/
01:11:19.364 [main] INFO  com.globant.Reporter - Closing Chrome driver session...
01:11:44.518 [main] INFO  com.globant.Reporter - Starting new Chrome driver session...
01:11:47.063 [main] INFO  com.globant.Reporter - Navigating to https://www.saucedemo.com/
01:11:48.432 [main] INFO  com.globant.Reporter - Closing Chrome driver session...
01:12:11.399 [main] INFO  com.globant.Reporter - Starting new Chrome driver session...
01:12:14.693 [main] INFO  com.globant.Reporter - Navigating to https://www.saucedemo.com/
01:12:15.484 [main] INFO  com.globant.Reporter - ### Web driver manager setup ###
01:12:16.370 [main] INFO  com.globant.Reporter - Closing Chrome driver session...
01:12:33.161 [main] INFO  com.globant.Reporter - Starting new Chrome driver session...
01:12:36.801 [main] INFO  com.globant.Reporter - Navigating to https://www.saucedemo.com/
01:12:37.616 [main] INFO  com.globant.Reporter - ### Web driver manager setup ###
01:12:38.528 [main] INFO  com.globant.Reporter - Closing Chrome driver session...
01:17:24.332 [main] INFO  com.globant.Reporter - Starting new Chrome driver session...
01:17:27.100 [main] INFO  com.globant.Reporter - Navigating to https://www.saucedemo.com/
01:17:27.990 [main] INFO  com.globant.Reporter - ### Web driver manager setup ###
01:17:28.729 [main] INFO  com.globant.Reporter - Closing Chrome driver session...
01:21:18.509 [main] INFO  com.globant.Reporter - Starting new Chrome driver session...
01:21:21.341 [main] INFO  com.globant.Reporter - Navigating to https://www.saucedemo.com/
01:21:22.277 [main] INFO  com.globant.Reporter - ### Web driver manager setup ###
01:21:22.899 [main] INFO  com.globant.Reporter - Closing Chrome driver session...
01:21:41.114 [main] INFO  com.globant.Reporter - Starting new Chrome driver session...
01:21:44.740 [main] INFO  com.globant.Reporter - Navigating to https://www.saucedemo.com/
01:21:45.641 [main] INFO  com.globant.Reporter - ### Web driver manager setup ###
01:21:46.507 [main] INFO  com.globant.Reporter - Closing Chrome driver session...
